2016-10-19 11:21:54,833 base.views           DEBUG    Form is valid
2016-10-19 11:22:12,166 base.views           DEBUG    Form is invalid <ul class="errorlist"><li>name<ul class="errorlist"><li>Process name with this Name already exists.</li></ul></li></ul> 
2016-10-19 11:22:12,167 base.views           DEBUG    <QueryDict: {u'csrfmiddlewaretoken': [u'7n48R6d9go9CkkfPYqMk9IVrGEsY0fKm'], u'name': [u'1sr process']}>
2016-10-19 12:24:13,396 base.views           DEBUG    Form is valid
2016-10-19 12:25:44,128 base.views           DEBUG    Form is valid
2016-10-19 12:36:00,021 base.views           DEBUG    Form is invalid <ul class="errorlist"><li>process<ul class="errorlist"><li>This field is required.</li></ul></li><li>estimated_setting_time<ul class="errorlist"><li>This field is required.</li></ul></li></ul> 
2016-10-19 12:36:00,022 base.views           DEBUG    <QueryDict: {u'remark': [u''], u'process': [u''], u'estimated_setting_time': [u''], u'estimated_time': [u''], u'go': [u''], u'action': [u'delete'], u'csrfmiddlewaretoken': [u'h2AvOiUt5lvg0hwQewltaT2EpkQ1ebtn']}>
2016-10-19 12:36:20,507 base.views           DEBUG    Form is invalid <ul class="errorlist"><li>process<ul class="errorlist"><li>This field is required.</li></ul></li><li>estimated_setting_time<ul class="errorlist"><li>This field is required.</li></ul></li></ul> 
2016-10-19 12:36:20,508 base.views           DEBUG    <QueryDict: {u'remark': [u''], u'process': [u''], u'estimated_setting_time': [u''], u'estimated_time': [u''], u'go': [u''], u'action': [u'delete'], u'csrfmiddlewaretoken': [u'h2AvOiUt5lvg0hwQewltaT2EpkQ1ebtn']}>
2016-10-19 12:40:15,499 base.views           DEBUG    Form is invalid <ul class="errorlist"><li>process<ul class="errorlist"><li>This field is required.</li></ul></li><li>estimated_setting_time<ul class="errorlist"><li>This field is required.</li></ul></li></ul> 
2016-10-19 12:40:15,499 base.views           DEBUG    <QueryDict: {u'remark': [u''], u'process': [u''], u'estimated_setting_time': [u''], u'estimated_time': [u''], u'go': [u''], u'action': [u'delete'], u'csrfmiddlewaretoken': [u'h2AvOiUt5lvg0hwQewltaT2EpkQ1ebtn']}>
2016-10-19 12:42:36,980 base.views           DEBUG    Form is invalid <ul class="errorlist"><li>process<ul class="errorlist"><li>This field is required.</li></ul></li><li>estimated_setting_time<ul class="errorlist"><li>This field is required.</li></ul></li></ul> 
2016-10-19 12:42:36,980 base.views           DEBUG    <QueryDict: {u'remark': [u''], u'process': [u''], u'estimated_setting_time': [u''], u'estimated_time': [u''], u'go': [u''], u'action': [u'delete'], u'csrfmiddlewaretoken': [u'h2AvOiUt5lvg0hwQewltaT2EpkQ1ebtn']}>
2016-10-19 12:50:39,245 base.views           DEBUG    Form is invalid <ul class="errorlist"><li>process<ul class="errorlist"><li>This field is required.</li></ul></li><li>estimated_setting_time<ul class="errorlist"><li>This field is required.</li></ul></li></ul> 
2016-10-19 12:50:39,246 base.views           DEBUG    <QueryDict: {u'remark': [u''], u'process': [u''], u'estimated_setting_time': [u''], u'estimated_time': [u''], u'go': [u''], u'action': [u'delete'], u'csrfmiddlewaretoken': [u'h2AvOiUt5lvg0hwQewltaT2EpkQ1ebtn']}>
2016-10-19 12:52:16,501 base.views           DEBUG    Form is invalid <ul class="errorlist"><li>process<ul class="errorlist"><li>This field is required.</li></ul></li><li>estimated_setting_time<ul class="errorlist"><li>This field is required.</li></ul></li></ul> 
2016-10-19 12:52:16,502 base.views           DEBUG    <QueryDict: {u'remark': [u''], u'process': [u''], u'estimated_setting_time': [u''], u'estimated_time': [u''], u'go': [u''], u'action': [u'delete'], u'csrfmiddlewaretoken': [u'h2AvOiUt5lvg0hwQewltaT2EpkQ1ebtn']}>
2016-10-19 12:54:25,943 base.views           DEBUG    Form is invalid <ul class="errorlist"><li>process<ul class="errorlist"><li>This field is required.</li></ul></li><li>estimated_setting_time<ul class="errorlist"><li>This field is required.</li></ul></li></ul> 
2016-10-19 12:54:25,943 base.views           DEBUG    <QueryDict: {u'remark': [u''], u'process': [u''], u'estimated_setting_time': [u''], u'estimated_time': [u''], u'go': [u''], u'action': [u'delete'], u'csrfmiddlewaretoken': [u'h2AvOiUt5lvg0hwQewltaT2EpkQ1ebtn']}>
2016-10-19 13:21:10,931 base.views           DEBUG    Form is valid
2016-10-19 13:23:04,706 base.views           DEBUG    Form is valid
2016-10-19 13:23:14,057 base.views           DEBUG    Form is invalid <ul class="errorlist"><li>process<ul class="errorlist"><li>This field is required.</li></ul></li><li>estimated_setting_time<ul class="errorlist"><li>This field is required.</li></ul></li></ul> 
2016-10-19 13:23:14,057 base.views           DEBUG    <QueryDict: {u'remark': [u''], u'process': [u''], u'estimated_setting_time': [u''], u'estimated_time': [u''], u'go': [u''], u'action': [u'delete'], u'csrfmiddlewaretoken': [u'h2AvOiUt5lvg0hwQewltaT2EpkQ1ebtn']}>
2016-10-19 13:33:55,913 base.views           DEBUG    Form is valid
2016-10-19 13:34:02,372 base.views           DEBUG    Form is valid
2016-10-19 13:36:50,142 base.views           DEBUG    Form is invalid <ul class="errorlist"><li>process<ul class="errorlist"><li>This field is required.</li></ul></li><li>estimated_setting_time<ul class="errorlist"><li>This field is required.</li></ul></li></ul> 
2016-10-19 13:36:50,143 base.views           DEBUG    <QueryDict: {u'remark': [u''], u'process': [u''], u'estimated_setting_time': [u''], u'estimated_time': [u''], u'go': [u''], u'action': [u'delete'], u'csrfmiddlewaretoken': [u'h2AvOiUt5lvg0hwQewltaT2EpkQ1ebtn']}>
2016-10-19 13:40:35,076 base.views           DEBUG    Form is invalid <ul class="errorlist"><li>process<ul class="errorlist"><li>This field is required.</li></ul></li><li>estimated_setting_time<ul class="errorlist"><li>This field is required.</li></ul></li></ul> 
2016-10-19 13:40:35,077 base.views           DEBUG    <QueryDict: {u'remark': [u''], u'process': [u''], u'estimated_setting_time': [u''], u'estimated_time': [u''], u'go': [u''], u'action': [u'delete'], u'csrfmiddlewaretoken': [u'h2AvOiUt5lvg0hwQewltaT2EpkQ1ebtn']}>
2016-10-19 13:41:30,070 base.views           DEBUG    Form is invalid <ul class="errorlist"><li>process<ul class="errorlist"><li>This field is required.</li></ul></li><li>estimated_setting_time<ul class="errorlist"><li>This field is required.</li></ul></li></ul> 
2016-10-19 13:41:30,071 base.views           DEBUG    <QueryDict: {u'remark': [u''], u'process': [u''], u'estimated_setting_time': [u''], u'estimated_time': [u''], u'go': [u''], u'action': [u'delete'], u'csrfmiddlewaretoken': [u'h2AvOiUt5lvg0hwQewltaT2EpkQ1ebtn']}>
2016-10-19 13:55:42,953 base.views           DEBUG    Form is valid
2016-10-19 14:04:55,592 base.views           DEBUG    Form is valid
2016-10-19 14:56:20,154 base.views           DEBUG    Form is invalid <ul class="errorlist"><li>process<ul class="errorlist"><li>This field is required.</li></ul></li><li>estimated_setting_time<ul class="errorlist"><li>This field is required.</li></ul></li></ul> 
2016-10-19 14:56:20,164 base.views           DEBUG    <QueryDict: {u'remark': [u''], u'process': [u''], u'estimated_setting_time': [u''], u'estimated_time': [u''], u'go': [u''], u'action': [u'delete'], u'csrfmiddlewaretoken': [u'h2AvOiUt5lvg0hwQewltaT2EpkQ1ebtn']}>
2016-10-19 15:09:03,029 base.views           DEBUG    Form is invalid <ul class="errorlist"><li>process<ul class="errorlist"><li>This field is required.</li></ul></li><li>estimated_setting_time<ul class="errorlist"><li>This field is required.</li></ul></li></ul> 
2016-10-19 15:09:03,030 base.views           DEBUG    <QueryDict: {u'remark': [u''], u'process': [u''], u'estimated_setting_time': [u''], u'estimated_time': [u''], u'go': [u''], u'action': [u'delete'], u'csrfmiddlewaretoken': [u'h2AvOiUt5lvg0hwQewltaT2EpkQ1ebtn']}>
2016-10-19 15:12:22,407 base.views           DEBUG    Form is valid
2016-10-19 15:17:40,018 base.views           DEBUG    Form is valid
2016-10-19 15:22:32,269 base.views           DEBUG    Form is valid
2016-10-19 15:24:44,429 base.views           DEBUG    Form is valid
2016-10-19 15:25:31,611 base.views           DEBUG    Form is valid
2016-10-19 15:26:04,372 base.views           DEBUG    Form is valid
2016-10-19 15:27:41,511 base.views           DEBUG    Form is valid
2016-10-19 15:29:29,306 base.views           DEBUG    Form is valid
2016-10-19 15:29:44,568 base.views           DEBUG    Form is invalid <ul class="errorlist"><li>process<ul class="errorlist"><li>This field is required.</li></ul></li></ul> 
2016-10-19 15:29:44,568 base.views           DEBUG    <QueryDict: {u'process': [u''], u'estimated_time': [u'10800'], u'csrfmiddlewaretoken': [u'rB62ULyTeipmUnwQMZODJ21JyiCtoH7X'], u'remark': [u'sd'], u'estimated_setting_time': [u'18000']}>
2016-10-19 15:29:58,502 base.views           DEBUG    Form is valid
2016-10-19 15:30:24,725 base.views           DEBUG    Form is valid
2016-10-19 15:30:39,391 base.views           DEBUG    Form is valid
2016-10-19 15:31:56,130 base.views           DEBUG    Form is valid
2016-10-19 15:32:27,962 base.views           DEBUG    Form is valid
2016-10-19 15:33:51,037 base.views           DEBUG    Form is valid
2016-10-19 15:34:33,331 base.views           DEBUG    Form is valid
2016-10-19 15:35:13,991 base.views           DEBUG    Form is valid
2016-10-19 15:35:29,637 base.views           DEBUG    Form is valid
2016-10-19 15:50:07,571 base.views           DEBUG    Form is valid
2016-10-19 15:50:37,129 base.views           DEBUG    Form is valid
2016-10-19 15:55:10,322 base.views           DEBUG    Form is invalid <ul class="errorlist"><li>name<ul class="errorlist"><li>Machine with this Name already exists.</li></ul></li></ul> 
2016-10-19 15:55:10,323 base.views           DEBUG    <QueryDict: {u'csrfmiddlewaretoken': [u'Idr7KKTTnOqK7xdnCegttRjq6YP2JjQ1'], u'name': [u'tiger-1']}>
2016-10-19 17:57:14,925 base.views           DEBUG    Form is valid
2016-10-19 18:15:21,454 base.views           DEBUG    Form is valid
2016-10-19 18:15:59,663 base.views           DEBUG    Form is valid
2016-10-19 18:18:13,869 base.views           DEBUG    Form is valid
2016-10-19 18:23:05,826 base.views           DEBUG    Form is valid
2016-10-19 18:25:09,157 base.views           DEBUG    Form is valid
2016-10-19 18:26:53,217 base.views           DEBUG    Form is valid
2016-10-19 18:44:23,897 routecard.methods.routecard DEBUG    Here
2016-10-19 18:44:23,921 routecard.methods.routecard DEBUG    Here
2016-10-19 18:44:23,977 routecard.methods.routecard DEBUG    Here
2016-10-19 18:44:23,994 routecard.methods.routecard DEBUG    Here
2016-10-19 18:44:41,127 base.views           DEBUG    Form is valid
2016-10-19 18:46:13,068 routecard.methods.routecard DEBUG    Here
2016-10-19 18:46:13,089 routecard.methods.routecard DEBUG    Here
2016-10-19 18:46:13,160 routecard.methods.routecard DEBUG    Here
2016-10-19 18:46:13,184 routecard.methods.routecard DEBUG    Here
2016-10-19 18:46:13,259 routecard.methods.routecard DEBUG    Here
2016-10-19 18:46:13,286 routecard.methods.routecard DEBUG    Here
2016-10-19 18:46:13,990 routecard.methods.routecard DEBUG    Here
2016-10-19 18:46:14,009 routecard.methods.routecard DEBUG    Here
2016-10-19 18:46:14,073 routecard.methods.routecard DEBUG    Here
2016-10-19 18:46:14,092 routecard.methods.routecard DEBUG    Here
2016-10-19 18:46:14,155 routecard.methods.routecard DEBUG    Here
2016-10-19 18:46:14,173 routecard.methods.routecard DEBUG    Here
2016-10-19 18:48:10,917 base.views           DEBUG    Form is valid
2016-10-19 18:48:24,255 base.views           DEBUG    Form is valid
2016-10-19 18:51:24,158 base.views           DEBUG    Form is valid
2016-10-19 18:52:04,895 base.views           DEBUG    Form is valid
2016-10-19 21:39:32,939 base.views           DEBUG    Form is valid
2016-10-19 21:39:41,074 routecard.methods.routecard DEBUG    Here
2016-10-19 21:40:12,030 base.views           DEBUG    Form is valid
2016-10-19 21:40:12,545 routecard.methods.routecard DEBUG    Here
2016-10-19 21:40:54,609 routecard.methods.routecard DEBUG    Here
2016-10-19 21:41:20,705 base.views           DEBUG    Form is valid
2016-10-19 21:41:21,424 routecard.methods.routecard DEBUG    Here
2016-10-19 21:42:38,803 routecard.methods.routecard DEBUG    Here
2016-10-19 21:42:38,821 routecard.methods.routecard DEBUG    Here
2016-10-19 21:43:01,353 base.views           DEBUG    Form is valid
2016-10-19 21:43:07,701 routecard.methods.routecard DEBUG    Here
2016-10-19 21:43:14,762 routecard.methods.routecard DEBUG    Here
2016-10-19 21:43:39,882 base.views           DEBUG    Form is valid
2016-10-19 21:43:45,048 routecard.methods.routecard DEBUG    Here
2016-10-19 21:43:54,041 routecard.methods.routecard DEBUG    Here
2016-10-19 21:44:27,880 base.views           DEBUG    Form is valid
2016-10-19 21:44:28,686 routecard.methods.routecard DEBUG    Here
2016-10-19 21:51:46,053 routecard.methods.routecard DEBUG    Here
2016-10-19 21:52:06,926 base.views           DEBUG    Form is valid
2016-10-19 21:52:07,727 routecard.methods.routecard DEBUG    Here
2016-10-19 22:05:27,309 routecard.methods.routecard DEBUG    Here
2016-10-19 22:07:23,720 base.views           DEBUG    Form is valid
2016-10-19 22:07:24,695 base.views           DEBUG    Form is valid
2016-10-20 08:38:14,994 routecard.methods.routecard DEBUG    Here
2016-10-20 08:38:15,015 routecard.methods.routecard DEBUG    Here
2016-10-20 18:36:50,856 routecard.methods.routecard DEBUG    Here
2016-10-20 18:36:50,880 routecard.methods.routecard DEBUG    Here
2016-10-20 18:37:53,948 routecard.methods.routecard DEBUG    Here
2016-10-20 18:37:53,965 routecard.methods.routecard DEBUG    Here
2016-10-20 18:38:01,407 routecard.methods.routecard DEBUG    Here
2016-10-20 18:39:59,387 routecard.methods.routecard DEBUG    Here
2016-10-20 18:39:59,404 routecard.methods.routecard DEBUG    Here
2016-10-20 18:41:28,276 routecard.methods.routecard DEBUG    Here
2016-10-20 21:32:50,392 routecard.methods.routecard DEBUG    Here
2016-10-20 21:32:50,421 routecard.methods.routecard DEBUG    Here
2016-10-20 21:45:46,456 base.views           DEBUG    Form is valid
2016-10-20 21:45:54,127 routecard.methods.routecard DEBUG    Here
2016-10-20 21:46:13,603 base.views           DEBUG    Form is valid
2016-10-20 21:46:18,563 routecard.methods.routecard DEBUG    Here
2016-10-20 21:46:18,580 routecard.methods.routecard DEBUG    Here
2016-10-20 21:46:52,723 routecard.methods.routecard DEBUG    Here
2016-10-20 21:47:27,362 routecard.methods.routecard DEBUG    Here
2016-10-20 21:48:03,241 routecard.methods.routecard DEBUG    Here
2016-10-20 21:49:23,046 base.views           DEBUG    Form is valid
2016-10-20 21:50:17,183 base.views           DEBUG    Form is valid
2016-10-20 21:51:37,390 base.views           DEBUG    Form is valid
2016-10-20 21:52:22,464 base.views           DEBUG    Form is valid
2016-10-21 08:32:10,317 routecard.methods.routecard DEBUG    Here
2016-10-21 08:32:10,347 routecard.methods.routecard DEBUG    Here
2016-10-21 08:36:01,808 base.views           DEBUG    Form is valid
2016-10-21 08:36:05,435 routecard.methods.routecard DEBUG    Here
2016-10-21 08:36:05,452 routecard.methods.routecard DEBUG    Here
2016-10-21 08:42:12,902 base.views           DEBUG    Form is valid
2016-10-21 08:42:55,378 base.views           DEBUG    Form is valid
2016-10-21 08:43:43,761 base.views           DEBUG    Form is valid
2016-10-21 08:44:34,292 base.views           DEBUG    Form is valid
2016-10-21 08:49:04,935 base.views           DEBUG    Form is valid
2016-10-21 08:49:37,641 base.views           DEBUG    Form is valid
2016-10-25 10:50:03,108 base.views           DEBUG    Form is valid
2016-10-25 10:50:09,396 routecard.methods.routecard DEBUG    Here
2016-10-25 10:50:09,413 routecard.methods.routecard DEBUG    Here
2016-10-25 10:51:17,927 routecard.methods.routecard DEBUG    Here
2016-10-25 10:51:17,948 routecard.methods.routecard DEBUG    Here
2016-10-25 10:51:33,072 base.views           DEBUG    Form is valid
2016-10-25 11:09:36,675 routecard.methods.routecard DEBUG    Here
2016-10-25 11:09:36,692 routecard.methods.routecard DEBUG    Here
2016-10-25 11:09:36,744 routecard.methods.routecard DEBUG    Here
2016-10-25 11:09:36,761 routecard.methods.routecard DEBUG    Here
2016-10-25 21:34:38,404 routecard.methods.routecard DEBUG    Here
2016-10-25 21:34:38,433 routecard.methods.routecard DEBUG    Here
2016-10-25 21:34:38,492 routecard.methods.routecard DEBUG    Here
2016-10-25 21:34:38,508 routecard.methods.routecard DEBUG    Here
2016-10-26 11:39:54,540 routecard.methods.routecard DEBUG    Here
2016-10-26 11:39:54,570 routecard.methods.routecard DEBUG    Here
2016-10-26 18:46:04,142 routecard.methods.routecard DEBUG    Here
2016-10-26 18:46:04,183 routecard.methods.routecard DEBUG    Here
2016-10-26 19:29:08,845 routecard.methods.routecard DEBUG    Here
2016-10-26 19:29:08,862 routecard.methods.routecard DEBUG    Here
2016-10-26 20:47:02,675 routecard.methods.routecard DEBUG    Here
2016-10-26 20:47:02,704 routecard.methods.routecard DEBUG    Here
2016-10-26 20:49:11,931 routecard.methods.routecard DEBUG    Here
2016-10-26 20:49:11,948 routecard.methods.routecard DEBUG    Here
2016-10-26 20:56:45,231 routecard.methods.routecard DEBUG    Here
2016-10-26 20:56:45,247 routecard.methods.routecard DEBUG    Here
2016-10-26 20:56:48,158 routecard.methods.routecard DEBUG    Here
2016-10-26 20:56:48,175 routecard.methods.routecard DEBUG    Here
2016-10-26 21:05:15,191 routecard.methods.routecard DEBUG    Here
2016-10-26 21:05:15,244 routecard.methods.routecard DEBUG    Here
2016-10-26 21:05:15,290 routecard.methods.routecard DEBUG    Here
2016-10-26 21:05:15,336 routecard.methods.routecard DEBUG    Here
2016-10-26 21:05:19,836 routecard.methods.routecard DEBUG    Here
2016-10-26 21:05:19,854 routecard.methods.routecard DEBUG    Here
2016-10-26 21:05:23,223 routecard.methods.routecard DEBUG    Here
2016-10-26 21:05:23,247 routecard.methods.routecard DEBUG    Here
2016-10-26 21:30:16,252 routecard.methods.routecard DEBUG    Here
2016-10-26 21:30:16,268 routecard.methods.routecard DEBUG    Here
2016-10-26 21:40:56,285 routecard.methods.routecard DEBUG    Here
2016-10-26 21:40:56,302 routecard.methods.routecard DEBUG    Here
2016-10-26 21:55:18,958 routecard.methods.routecard DEBUG    Here
2016-10-26 21:55:18,975 routecard.methods.routecard DEBUG    Here
2016-10-26 21:55:21,998 routecard.methods.routecard DEBUG    Here
2016-10-26 21:55:22,015 routecard.methods.routecard DEBUG    Here
2016-10-27 08:28:43,855 routecard.methods.routecard DEBUG    Here
2016-10-27 08:28:43,890 routecard.methods.routecard DEBUG    Here
2016-10-27 09:21:17,778 routecard.methods.routecard DEBUG    Here
2016-10-27 09:21:17,813 routecard.methods.routecard DEBUG    Here
2016-10-27 13:26:59,251 routecard.methods.routecard DEBUG    Here
2016-10-27 13:26:59,280 routecard.methods.routecard DEBUG    Here
2016-10-27 13:31:18,987 routecard.methods.routecard DEBUG    Here
2016-10-27 13:31:19,003 routecard.methods.routecard DEBUG    Here
2016-11-02 13:54:48,559 routecard.methods.routecard DEBUG    Here
2016-11-02 13:54:48,589 routecard.methods.routecard DEBUG    Here
2016-11-02 13:58:39,370 routecard.methods.routecard DEBUG    Here
2016-11-02 13:58:39,388 routecard.methods.routecard DEBUG    Here
2016-11-02 14:36:45,825 routecard.methods.routecard DEBUG    Here
2016-11-02 14:36:45,842 routecard.methods.routecard DEBUG    Here
2016-11-02 14:38:07,382 routecard.methods.routecard DEBUG    Here
2016-11-02 14:38:07,399 routecard.methods.routecard DEBUG    Here
2016-11-03 10:46:41,386 routecard.methods.routecard DEBUG    Here
2016-11-03 10:46:41,415 routecard.methods.routecard DEBUG    Here
2016-11-03 10:46:59,334 routecard.methods.routecard DEBUG    Here
2016-11-03 10:46:59,351 routecard.methods.routecard DEBUG    Here
2016-11-03 10:48:12,260 routecard.methods.routecard DEBUG    Here
2016-11-03 10:48:12,278 routecard.methods.routecard DEBUG    Here
2016-11-03 10:53:51,670 routecard.methods.routecard DEBUG    Here
2016-11-03 10:53:51,687 routecard.methods.routecard DEBUG    Here
2016-11-03 10:56:10,814 routecard.methods.routecard DEBUG    Here
2016-11-03 10:56:10,832 routecard.methods.routecard DEBUG    Here
2016-11-03 11:39:22,765 routecard.methods.routecard DEBUG    Here
2016-11-03 11:39:22,782 routecard.methods.routecard DEBUG    Here
2016-11-03 11:40:34,660 routecard.methods.routecard DEBUG    Here
2016-11-03 11:40:34,677 routecard.methods.routecard DEBUG    Here
2016-11-04 11:47:54,230 routecard.methods.routecard DEBUG    Here
2016-11-04 11:47:54,266 routecard.methods.routecard DEBUG    Here
2016-11-04 11:50:00,308 routecard.methods.routecard DEBUG    Here
2016-11-04 11:50:00,325 routecard.methods.routecard DEBUG    Here
2016-11-04 11:50:07,686 routecard.methods.routecard DEBUG    Here
2016-11-04 11:50:32,241 routecard.methods.routecard DEBUG    Here
2016-11-04 11:50:42,199 routecard.methods.routecard DEBUG    Here
2016-11-04 12:19:34,893 routecard.methods.routecard DEBUG    Here
2016-11-04 12:19:34,910 routecard.methods.routecard DEBUG    Here
2016-11-04 12:24:39,297 routecard.methods.routecard DEBUG    Here
2016-11-04 12:24:39,317 routecard.methods.routecard DEBUG    Here
2016-11-04 12:27:22,864 routecard.methods.routecard DEBUG    Here
2016-11-04 12:27:22,882 routecard.methods.routecard DEBUG    Here
2016-11-04 12:27:25,364 routecard.methods.routecard DEBUG    Here
2016-11-04 12:27:25,382 routecard.methods.routecard DEBUG    Here
2016-11-04 12:35:41,117 routecard.methods.routecard DEBUG    Here
2016-11-04 12:35:41,134 routecard.methods.routecard DEBUG    Here
2016-11-04 12:35:55,755 routecard.methods.routecard DEBUG    Here
2016-11-04 12:35:55,772 routecard.methods.routecard DEBUG    Here
2016-11-04 12:46:09,063 routecard.methods.routecard DEBUG    Here
2016-11-04 12:46:09,093 routecard.methods.routecard DEBUG    Here
2016-11-04 12:54:49,801 routecard.methods.routecard DEBUG    Here
2016-11-04 12:54:49,818 routecard.methods.routecard DEBUG    Here
2016-11-04 12:54:59,107 routecard.methods.routecard DEBUG    Here
2016-11-04 12:54:59,124 routecard.methods.routecard DEBUG    Here
2016-11-04 12:57:20,971 routecard.methods.routecard DEBUG    Here
2016-11-04 12:57:20,988 routecard.methods.routecard DEBUG    Here
2016-11-04 13:05:23,921 routecard.methods.routecard DEBUG    Here
2016-11-04 13:05:23,938 routecard.methods.routecard DEBUG    Here
2016-11-04 13:10:54,944 routecard.methods.routecard DEBUG    Here
2016-11-04 13:10:54,961 routecard.methods.routecard DEBUG    Here
2016-11-04 13:10:57,796 routecard.methods.routecard DEBUG    Here
2016-11-04 13:10:57,814 routecard.methods.routecard DEBUG    Here
2016-11-04 13:11:14,391 routecard.methods.routecard DEBUG    Here
2016-11-04 13:11:14,408 routecard.methods.routecard DEBUG    Here
2016-11-04 13:19:45,149 routecard.methods.routecard DEBUG    Here
2016-11-04 13:19:45,167 routecard.methods.routecard DEBUG    Here
2016-11-04 13:28:34,518 routecard.methods.routecard DEBUG    Here
2016-11-04 13:28:34,535 routecard.methods.routecard DEBUG    Here
2016-11-04 13:57:51,339 routecard.methods.routecard DEBUG    Here
2016-11-04 13:57:51,356 routecard.methods.routecard DEBUG    Here
2016-11-04 14:28:17,024 routecard.methods.routecard DEBUG    Here
2016-11-04 14:28:17,041 routecard.methods.routecard DEBUG    Here
2016-11-04 14:29:11,567 routecard.methods.routecard DEBUG    Here
2016-11-04 14:29:11,587 routecard.methods.routecard DEBUG    Here
2016-11-04 14:52:15,832 routecard.methods.routecard DEBUG    Here
2016-11-04 14:52:15,848 routecard.methods.routecard DEBUG    Here
2016-11-04 14:59:52,278 routecard.methods.routecard DEBUG    Here
2016-11-04 14:59:52,295 routecard.methods.routecard DEBUG    Here
2016-11-04 15:01:01,067 routecard.methods.routecard DEBUG    Here
2016-11-04 15:01:01,084 routecard.methods.routecard DEBUG    Here
2016-11-04 15:06:31,360 routecard.methods.routecard DEBUG    Here
2016-11-04 15:06:31,376 routecard.methods.routecard DEBUG    Here
2016-11-04 15:12:47,505 routecard.methods.routecard DEBUG    Here
2016-11-04 15:12:47,530 routecard.methods.routecard DEBUG    Here
2016-11-04 15:17:23,599 routecard.methods.routecard DEBUG    Here
2016-11-04 15:17:23,616 routecard.methods.routecard DEBUG    Here
2016-11-04 16:18:33,726 routecard.methods.routecard DEBUG    Here
2016-11-04 16:18:33,751 routecard.methods.routecard DEBUG    Here
2016-11-04 16:21:11,866 routecard.methods.routecard DEBUG    Here
2016-11-04 16:21:11,884 routecard.methods.routecard DEBUG    Here
2016-11-04 16:25:48,743 routecard.methods.routecard DEBUG    Here
2016-11-04 16:30:12,595 routecard.methods.routecard DEBUG    Here
2016-11-04 16:30:12,616 routecard.methods.routecard DEBUG    Here
2016-11-06 17:24:54,244 routecard.methods.routecard DEBUG    Here
2016-11-06 17:24:54,281 routecard.methods.routecard DEBUG    Here
2016-11-06 17:25:19,782 routecard.methods.routecard DEBUG    Here
2016-11-06 17:25:29,494 routecard.methods.routecard DEBUG    Here
2016-11-06 17:25:29,511 routecard.methods.routecard DEBUG    Here
2016-11-06 17:33:14,632 routecard.methods.routecard DEBUG    Here
2016-11-06 17:33:14,666 routecard.methods.routecard DEBUG    Here
2016-11-06 17:34:02,407 routecard.methods.routecard DEBUG    Here
2016-11-06 17:34:48,637 routecard.methods.routecard DEBUG    Here
2016-11-06 17:41:07,102 routecard.methods.routecard DEBUG    Here
2016-11-06 17:41:10,642 routecard.methods.routecard DEBUG    Here
2016-11-06 17:41:10,659 routecard.methods.routecard DEBUG    Here
2016-11-06 17:41:24,754 routecard.methods.routecard DEBUG    Here
2016-11-06 17:41:24,771 routecard.methods.routecard DEBUG    Here
2016-11-06 17:44:23,943 routecard.methods.routecard DEBUG    Here
2016-11-06 17:44:23,960 routecard.methods.routecard DEBUG    Here
2016-11-06 17:54:53,043 routecard.methods.routecard DEBUG    Here
2016-11-06 17:55:10,523 routecard.methods.routecard DEBUG    Here
2016-11-06 17:55:10,539 routecard.methods.routecard DEBUG    Here
2016-11-06 17:55:16,931 routecard.methods.routecard DEBUG    Here
2016-11-06 17:55:16,948 routecard.methods.routecard DEBUG    Here
2016-11-07 18:40:25,156 routecard.methods.routecard DEBUG    Here
2016-11-07 18:40:25,198 routecard.methods.routecard DEBUG    Here
2016-11-07 20:07:22,299 routecard.methods.routecard DEBUG    Here
2016-11-07 20:07:22,321 routecard.methods.routecard DEBUG    Here
2016-11-08 20:00:48,011 routecard.methods.routecard DEBUG    Here
2016-11-08 20:00:48,048 routecard.methods.routecard DEBUG    Here
2016-11-08 20:02:27,262 routecard.methods.routecard DEBUG    Here
2016-11-08 20:02:27,279 routecard.methods.routecard DEBUG    Here
2016-11-08 20:06:37,348 routecard.methods.routecard DEBUG    Here
2016-11-08 20:06:37,365 routecard.methods.routecard DEBUG    Here
2016-11-08 20:07:16,935 routecard.methods.routecard DEBUG    Here
2016-11-08 20:07:56,314 routecard.methods.routecard DEBUG    Here
2016-11-08 20:07:56,330 routecard.methods.routecard DEBUG    Here
2016-11-10 21:28:48,634 routecard.methods.routecard DEBUG    Here
2016-11-10 21:28:48,668 routecard.methods.routecard DEBUG    Here
2016-11-11 13:19:11,965 routecard.methods.routecard DEBUG    Here
2016-11-11 13:19:11,999 routecard.methods.routecard DEBUG    Here
2016-11-11 13:20:13,132 routecard.methods.routecard DEBUG    Here
2016-11-11 13:20:13,149 routecard.methods.routecard DEBUG    Here
2016-11-11 19:12:49,660 routecard.methods.routecard DEBUG    Here
2016-11-11 19:12:49,713 routecard.methods.routecard DEBUG    Here
2016-11-11 19:13:07,966 routecard.methods.routecard DEBUG    Here
2016-11-11 19:13:07,983 routecard.methods.routecard DEBUG    Here
2016-11-12 12:02:49,593 routecard.methods.routecard DEBUG    Here
2016-11-12 12:02:49,649 routecard.methods.routecard DEBUG    Here
2016-11-12 13:26:25,919 routecard.methods.routecard DEBUG    Here
2016-11-12 13:26:25,936 routecard.methods.routecard DEBUG    Here
2016-11-12 13:37:41,027 base.views           DEBUG    Form is valid
2016-11-12 13:38:18,549 base.views           DEBUG    Form is valid
2016-11-12 13:38:36,519 base.views           DEBUG    Form is valid
2016-11-12 13:39:31,444 routecard.methods.routecard DEBUG    Here
2016-11-12 13:39:31,461 routecard.methods.routecard DEBUG    Here
2016-11-12 13:39:31,528 routecard.methods.routecard DEBUG    Here
2016-11-12 13:39:31,545 routecard.methods.routecard DEBUG    Here
2016-11-12 13:39:31,612 routecard.methods.routecard DEBUG    Here
2016-11-12 13:39:31,629 routecard.methods.routecard DEBUG    Here
2016-11-12 13:39:31,699 routecard.methods.routecard DEBUG    Here
2016-11-12 13:39:31,716 routecard.methods.routecard DEBUG    Here
2016-11-12 13:39:42,190 routecard.methods.routecard DEBUG    Here
2016-11-12 13:39:42,212 routecard.methods.routecard DEBUG    Here
2016-11-12 13:39:42,305 routecard.methods.routecard DEBUG    Here
2016-11-12 13:39:42,321 routecard.methods.routecard DEBUG    Here
2016-11-12 13:39:42,388 routecard.methods.routecard DEBUG    Here
2016-11-12 13:39:42,405 routecard.methods.routecard DEBUG    Here
2016-11-12 13:39:42,472 routecard.methods.routecard DEBUG    Here
2016-11-12 13:39:42,489 routecard.methods.routecard DEBUG    Here
2016-11-12 13:39:54,189 base.views           DEBUG    Form is valid
2016-11-12 16:55:54,977 routecard.methods.routecard DEBUG    Here
2016-11-12 16:55:55,018 routecard.methods.routecard DEBUG    Here
2016-11-12 16:55:55,094 routecard.methods.routecard DEBUG    Here
2016-11-12 16:55:55,111 routecard.methods.routecard DEBUG    Here
2016-11-12 16:55:55,178 routecard.methods.routecard DEBUG    Here
2016-11-12 16:55:55,195 routecard.methods.routecard DEBUG    Here
2016-11-12 16:55:55,262 routecard.methods.routecard DEBUG    Here
2016-11-12 16:55:55,279 routecard.methods.routecard DEBUG    Here
2016-11-12 16:55:55,346 routecard.methods.routecard DEBUG    Here
2016-11-12 16:55:55,363 routecard.methods.routecard DEBUG    Here
2016-11-12 17:03:20,454 routecard.methods.routecard DEBUG    Here
2016-11-12 17:03:20,471 routecard.methods.routecard DEBUG    Here
2016-11-12 17:03:20,538 routecard.methods.routecard DEBUG    Here
2016-11-12 17:03:20,554 routecard.methods.routecard DEBUG    Here
2016-11-12 17:03:20,620 routecard.methods.routecard DEBUG    Here
2016-11-12 17:03:20,638 routecard.methods.routecard DEBUG    Here
2016-11-12 17:03:20,705 routecard.methods.routecard DEBUG    Here
2016-11-12 17:03:20,722 routecard.methods.routecard DEBUG    Here
2016-11-12 17:03:20,789 routecard.methods.routecard DEBUG    Here
2016-11-12 17:03:20,806 routecard.methods.routecard DEBUG    Here
2016-11-12 17:03:33,825 routecard.methods.routecard DEBUG    Here
2016-11-12 17:03:33,841 routecard.methods.routecard DEBUG    Here
2016-11-12 17:03:33,907 routecard.methods.routecard DEBUG    Here
2016-11-12 17:03:33,924 routecard.methods.routecard DEBUG    Here
2016-11-12 17:03:33,990 routecard.methods.routecard DEBUG    Here
2016-11-12 17:03:34,007 routecard.methods.routecard DEBUG    Here
2016-11-12 17:03:34,073 routecard.methods.routecard DEBUG    Here
2016-11-12 17:03:34,089 routecard.methods.routecard DEBUG    Here
2016-11-12 17:03:34,155 routecard.methods.routecard DEBUG    Here
2016-11-12 17:03:34,172 routecard.methods.routecard DEBUG    Here
2016-11-12 18:51:46,936 routecard.methods.routecard DEBUG    Here
2016-11-12 18:51:46,953 routecard.methods.routecard DEBUG    Here
2016-11-12 18:51:47,022 routecard.methods.routecard DEBUG    Here
2016-11-12 18:51:47,039 routecard.methods.routecard DEBUG    Here
2016-11-12 18:51:47,109 routecard.methods.routecard DEBUG    Here
2016-11-12 18:51:47,128 routecard.methods.routecard DEBUG    Here
2016-11-12 18:51:47,195 routecard.methods.routecard DEBUG    Here
2016-11-12 18:51:47,212 routecard.methods.routecard DEBUG    Here
2016-11-12 18:51:47,312 routecard.methods.routecard DEBUG    Here
2016-11-12 18:51:47,330 routecard.methods.routecard DEBUG    Here
2016-11-12 22:29:39,501 routecard.methods.routecard DEBUG    Here
2016-11-12 22:29:39,518 routecard.methods.routecard DEBUG    Here
2016-11-12 22:29:39,586 routecard.methods.routecard DEBUG    Here
2016-11-12 22:29:39,602 routecard.methods.routecard DEBUG    Here
2016-11-12 22:29:39,669 routecard.methods.routecard DEBUG    Here
2016-11-12 22:29:39,687 routecard.methods.routecard DEBUG    Here
2016-11-12 22:29:39,761 routecard.methods.routecard DEBUG    Here
2016-11-12 22:29:39,778 routecard.methods.routecard DEBUG    Here
2016-11-12 22:29:39,845 routecard.methods.routecard DEBUG    Here
2016-11-12 22:29:39,861 routecard.methods.routecard DEBUG    Here
2016-11-14 05:13:35,819 routecard.methods.routecard DEBUG    Here
2016-11-14 05:13:35,865 routecard.methods.routecard DEBUG    Here
2016-11-14 05:13:35,933 routecard.methods.routecard DEBUG    Here
2016-11-14 05:13:35,950 routecard.methods.routecard DEBUG    Here
2016-11-14 05:13:36,017 routecard.methods.routecard DEBUG    Here
2016-11-14 05:13:36,034 routecard.methods.routecard DEBUG    Here
2016-11-14 05:13:36,101 routecard.methods.routecard DEBUG    Here
2016-11-14 05:13:36,118 routecard.methods.routecard DEBUG    Here
2016-11-14 05:13:36,185 routecard.methods.routecard DEBUG    Here
2016-11-14 05:13:36,202 routecard.methods.routecard DEBUG    Here
2016-11-14 05:13:49,276 routecard.methods.routecard DEBUG    Here
2016-11-14 05:13:49,293 routecard.methods.routecard DEBUG    Here
2016-11-14 05:13:49,362 routecard.methods.routecard DEBUG    Here
2016-11-14 05:13:49,379 routecard.methods.routecard DEBUG    Here
2016-11-14 05:13:49,447 routecard.methods.routecard DEBUG    Here
2016-11-14 05:13:49,464 routecard.methods.routecard DEBUG    Here
2016-11-14 05:13:49,532 routecard.methods.routecard DEBUG    Here
2016-11-14 05:13:49,549 routecard.methods.routecard DEBUG    Here
2016-11-14 05:13:49,618 routecard.methods.routecard DEBUG    Here
2016-11-14 05:13:49,635 routecard.methods.routecard DEBUG    Here
2016-11-14 05:14:37,775 routecard.methods.routecard DEBUG    Here
2016-11-14 05:14:37,792 routecard.methods.routecard DEBUG    Here
2016-11-14 05:14:37,860 routecard.methods.routecard DEBUG    Here
2016-11-14 05:14:37,876 routecard.methods.routecard DEBUG    Here
2016-11-14 05:14:37,943 routecard.methods.routecard DEBUG    Here
2016-11-14 05:14:37,960 routecard.methods.routecard DEBUG    Here
2016-11-14 05:14:38,027 routecard.methods.routecard DEBUG    Here
2016-11-14 05:14:38,043 routecard.methods.routecard DEBUG    Here
2016-11-14 05:14:38,110 routecard.methods.routecard DEBUG    Here
2016-11-14 05:14:38,127 routecard.methods.routecard DEBUG    Here
2016-11-14 05:16:40,964 routecard.methods.routecard DEBUG    Here
2016-11-14 05:16:40,980 routecard.methods.routecard DEBUG    Here
2016-11-14 05:16:41,048 routecard.methods.routecard DEBUG    Here
2016-11-14 05:16:41,065 routecard.methods.routecard DEBUG    Here
2016-11-14 05:16:41,132 routecard.methods.routecard DEBUG    Here
2016-11-14 05:16:41,149 routecard.methods.routecard DEBUG    Here
2016-11-14 05:16:41,217 routecard.methods.routecard DEBUG    Here
2016-11-14 05:16:41,234 routecard.methods.routecard DEBUG    Here
2016-11-14 05:16:41,302 routecard.methods.routecard DEBUG    Here
2016-11-14 05:16:41,326 routecard.methods.routecard DEBUG    Here
2016-11-15 21:03:43,407 routecard.methods.routecard DEBUG    Here
2016-11-15 21:03:43,453 routecard.methods.routecard DEBUG    Here
2016-11-15 21:03:43,542 routecard.methods.routecard DEBUG    Here
2016-11-15 21:03:43,558 routecard.methods.routecard DEBUG    Here
2016-11-15 21:03:43,625 routecard.methods.routecard DEBUG    Here
2016-11-15 21:03:43,641 routecard.methods.routecard DEBUG    Here
2016-11-15 21:03:43,708 routecard.methods.routecard DEBUG    Here
2016-11-15 21:03:43,724 routecard.methods.routecard DEBUG    Here
2016-11-15 21:03:43,790 routecard.methods.routecard DEBUG    Here
2016-11-15 21:03:43,807 routecard.methods.routecard DEBUG    Here
2016-11-15 21:25:58,726 routecard.methods.routecard DEBUG    Here
2016-11-15 21:25:58,753 routecard.methods.routecard DEBUG    Here
2016-11-15 21:25:58,839 routecard.methods.routecard DEBUG    Here
2016-11-15 21:25:58,855 routecard.methods.routecard DEBUG    Here
2016-11-15 21:25:58,921 routecard.methods.routecard DEBUG    Here
2016-11-15 21:25:58,938 routecard.methods.routecard DEBUG    Here
2016-11-15 21:25:59,003 routecard.methods.routecard DEBUG    Here
2016-11-15 21:25:59,020 routecard.methods.routecard DEBUG    Here
2016-11-15 21:25:59,085 routecard.methods.routecard DEBUG    Here
2016-11-15 21:25:59,102 routecard.methods.routecard DEBUG    Here
2016-11-17 05:58:29,501 routecard.methods.routecard DEBUG    Here
2016-11-17 05:58:29,547 routecard.methods.routecard DEBUG    Here
2016-11-17 05:58:29,616 routecard.methods.routecard DEBUG    Here
2016-11-17 05:58:29,633 routecard.methods.routecard DEBUG    Here
2016-11-17 05:58:29,701 routecard.methods.routecard DEBUG    Here
2016-11-17 05:58:29,718 routecard.methods.routecard DEBUG    Here
2016-11-17 05:58:29,785 routecard.methods.routecard DEBUG    Here
2016-11-17 05:58:29,802 routecard.methods.routecard DEBUG    Here
2016-11-17 05:58:29,870 routecard.methods.routecard DEBUG    Here
2016-11-17 05:58:29,886 routecard.methods.routecard DEBUG    Here
2016-11-17 05:58:42,354 routecard.methods.routecard DEBUG    Here
2016-11-17 05:58:42,371 routecard.methods.routecard DEBUG    Here
2016-11-17 05:58:42,443 routecard.methods.routecard DEBUG    Here
2016-11-17 05:58:42,460 routecard.methods.routecard DEBUG    Here
2016-11-17 05:58:42,530 routecard.methods.routecard DEBUG    Here
2016-11-17 05:58:42,547 routecard.methods.routecard DEBUG    Here
2016-11-17 05:58:42,615 routecard.methods.routecard DEBUG    Here
2016-11-17 05:58:42,632 routecard.methods.routecard DEBUG    Here
2016-11-17 05:58:42,701 routecard.methods.routecard DEBUG    Here
2016-11-17 05:58:42,719 routecard.methods.routecard DEBUG    Here
2016-11-20 04:28:25,160 routecard.methods.routecard DEBUG    Here
2016-11-20 04:28:25,214 routecard.methods.routecard DEBUG    Here
2016-11-20 04:28:25,325 routecard.methods.routecard DEBUG    Here
2016-11-20 04:28:25,348 routecard.methods.routecard DEBUG    Here
2016-11-20 04:28:25,419 routecard.methods.routecard DEBUG    Here
2016-11-20 04:28:25,436 routecard.methods.routecard DEBUG    Here
2016-11-20 04:28:25,504 routecard.methods.routecard DEBUG    Here
2016-11-20 04:28:25,521 routecard.methods.routecard DEBUG    Here
2016-11-20 04:28:25,590 routecard.methods.routecard DEBUG    Here
2016-11-20 04:28:25,608 routecard.methods.routecard DEBUG    Here
2016-11-20 05:11:02,200 routecard.methods.routecard DEBUG    Here
2016-11-20 05:11:02,217 routecard.methods.routecard DEBUG    Here
2016-11-20 05:11:02,285 routecard.methods.routecard DEBUG    Here
2016-11-20 05:11:02,302 routecard.methods.routecard DEBUG    Here
2016-11-20 05:11:02,369 routecard.methods.routecard DEBUG    Here
2016-11-20 05:11:02,386 routecard.methods.routecard DEBUG    Here
2016-11-20 05:11:02,454 routecard.methods.routecard DEBUG    Here
2016-11-20 05:11:02,471 routecard.methods.routecard DEBUG    Here
2016-11-20 05:28:59,737 routecard.methods.routecard DEBUG    Here
2016-11-20 05:28:59,754 routecard.methods.routecard DEBUG    Here
2016-11-20 05:28:59,822 routecard.methods.routecard DEBUG    Here
2016-11-20 05:28:59,839 routecard.methods.routecard DEBUG    Here
2016-11-20 05:28:59,908 routecard.methods.routecard DEBUG    Here
2016-11-20 05:28:59,925 routecard.methods.routecard DEBUG    Here
2016-11-20 05:28:59,993 routecard.methods.routecard DEBUG    Here
2016-11-20 05:29:00,010 routecard.methods.routecard DEBUG    Here
2016-11-20 19:03:26,412 routecard.methods.routecard DEBUG    Here
2016-11-20 19:03:26,444 routecard.methods.routecard DEBUG    Here
2016-11-20 19:03:26,529 routecard.methods.routecard DEBUG    Here
2016-11-20 19:03:26,545 routecard.methods.routecard DEBUG    Here
2016-11-20 19:03:26,612 routecard.methods.routecard DEBUG    Here
2016-11-20 19:03:26,628 routecard.methods.routecard DEBUG    Here
2016-11-20 19:03:26,695 routecard.methods.routecard DEBUG    Here
2016-11-20 19:03:26,712 routecard.methods.routecard DEBUG    Here
2016-11-20 20:37:59,019 routecard.methods.routecard DEBUG    Here
2016-11-20 20:37:59,036 routecard.methods.routecard DEBUG    Here
2016-11-20 20:37:59,102 routecard.methods.routecard DEBUG    Here
2016-11-20 20:37:59,119 routecard.methods.routecard DEBUG    Here
2016-11-20 20:37:59,185 routecard.methods.routecard DEBUG    Here
2016-11-20 20:37:59,203 routecard.methods.routecard DEBUG    Here
2016-11-20 20:37:59,276 routecard.methods.routecard DEBUG    Here
2016-11-20 20:37:59,292 routecard.methods.routecard DEBUG    Here
2016-11-20 20:38:06,728 routecard.methods.routecard DEBUG    Here
2016-11-20 20:38:14,180 routecard.methods.routecard DEBUG    Here
2016-11-20 20:38:22,588 routecard.methods.routecard DEBUG    Here
2016-11-21 00:18:09,411 routecard.methods.routecard DEBUG    Here
2016-11-21 00:18:09,442 routecard.methods.routecard DEBUG    Here
2016-11-21 00:18:09,540 routecard.methods.routecard DEBUG    Here
2016-11-21 00:18:09,557 routecard.methods.routecard DEBUG    Here
2016-11-21 00:18:09,626 routecard.methods.routecard DEBUG    Here
2016-11-21 00:18:09,643 routecard.methods.routecard DEBUG    Here
2016-11-21 00:18:09,712 routecard.methods.routecard DEBUG    Here
2016-11-21 00:18:09,729 routecard.methods.routecard DEBUG    Here
2016-11-21 00:20:32,476 routecard.methods.routecard DEBUG    Here
2016-11-21 00:20:32,493 routecard.methods.routecard DEBUG    Here
2016-11-21 00:20:32,562 routecard.methods.routecard DEBUG    Here
2016-11-21 00:20:32,579 routecard.methods.routecard DEBUG    Here
2016-11-21 00:20:32,648 routecard.methods.routecard DEBUG    Here
2016-11-21 00:20:32,666 routecard.methods.routecard DEBUG    Here
2016-11-21 00:20:32,735 routecard.methods.routecard DEBUG    Here
2016-11-21 00:20:32,752 routecard.methods.routecard DEBUG    Here
2016-11-21 00:21:11,108 routecard.methods.routecard DEBUG    Here
2016-11-21 00:21:11,125 routecard.methods.routecard DEBUG    Here
2016-11-21 00:21:11,195 routecard.methods.routecard DEBUG    Here
2016-11-21 00:21:11,213 routecard.methods.routecard DEBUG    Here
2016-11-21 00:21:11,282 routecard.methods.routecard DEBUG    Here
2016-11-21 00:21:11,300 routecard.methods.routecard DEBUG    Here
2016-11-21 00:21:11,369 routecard.methods.routecard DEBUG    Here
2016-11-21 00:21:11,387 routecard.methods.routecard DEBUG    Here
2016-11-21 00:22:01,152 routecard.methods.routecard DEBUG    Here
2016-11-21 00:22:01,170 routecard.methods.routecard DEBUG    Here
2016-11-21 00:22:01,240 routecard.methods.routecard DEBUG    Here
2016-11-21 00:22:01,257 routecard.methods.routecard DEBUG    Here
2016-11-21 00:22:01,325 routecard.methods.routecard DEBUG    Here
2016-11-21 00:22:01,343 routecard.methods.routecard DEBUG    Here
2016-11-21 00:22:01,412 routecard.methods.routecard DEBUG    Here
2016-11-21 00:22:01,430 routecard.methods.routecard DEBUG    Here
2016-11-21 00:23:57,376 routecard.methods.routecard DEBUG    Here
2016-11-21 00:23:57,393 routecard.methods.routecard DEBUG    Here
2016-11-21 00:23:57,463 routecard.methods.routecard DEBUG    Here
2016-11-21 00:23:57,484 routecard.methods.routecard DEBUG    Here
2016-11-21 00:23:57,569 routecard.methods.routecard DEBUG    Here
2016-11-21 00:23:57,587 routecard.methods.routecard DEBUG    Here
2016-11-21 00:23:57,657 routecard.methods.routecard DEBUG    Here
2016-11-21 00:23:57,674 routecard.methods.routecard DEBUG    Here
2016-11-21 00:29:47,002 routecard.methods.routecard DEBUG    Here
2016-11-21 00:29:47,019 routecard.methods.routecard DEBUG    Here
2016-11-21 00:29:47,087 routecard.methods.routecard DEBUG    Here
2016-11-21 00:29:47,113 routecard.methods.routecard DEBUG    Here
2016-11-21 00:29:47,191 routecard.methods.routecard DEBUG    Here
2016-11-21 00:29:47,208 routecard.methods.routecard DEBUG    Here
2016-11-21 00:29:47,277 routecard.methods.routecard DEBUG    Here
2016-11-21 00:29:47,294 routecard.methods.routecard DEBUG    Here
2016-11-23 20:50:29,440 base.views           DEBUG    Form is invalid <ul class="errorlist"><li>company_name<ul class="errorlist"><li>Customer with this Company Name already exists.</li></ul></li></ul> 
2016-11-23 20:50:29,468 base.views           DEBUG    <QueryDict: {u'city': [u''], u'ph_number1': [u''], u'ph_number2': [u''], u'zipcode': [u''], u'pan_no': [u''], u'service_tax_no': [u''], u'addressline1': [u''], u'email': [u''], u'state': [u''], u'credit_days': [u'0'], u'company_name': [u'excelence technlogy'], u'tin_no': [u''], u'addressline2': [u''], u'csrfmiddlewaretoken': [u'x1PNoj7e07JuWxpaDnfY3hzmsKiBJp3e'], u'country': [u''], u'contact_name': [u'']}>
2016-11-26 03:08:53,601 routecard.methods.routecard DEBUG    Here
2016-11-26 03:08:53,641 routecard.methods.routecard DEBUG    Here
2016-11-26 03:08:53,738 routecard.methods.routecard DEBUG    Here
2016-11-26 03:08:53,756 routecard.methods.routecard DEBUG    Here
2016-11-26 03:08:53,831 routecard.methods.routecard DEBUG    Here
2016-11-26 03:08:53,849 routecard.methods.routecard DEBUG    Here
2016-11-26 03:08:53,921 routecard.methods.routecard DEBUG    Here
2016-11-26 03:08:53,939 routecard.methods.routecard DEBUG    Here
2016-11-26 04:18:04,189 routecard.methods.routecard DEBUG    Here
2016-11-26 04:18:04,214 routecard.methods.routecard DEBUG    Here
2016-11-26 04:18:04,311 routecard.methods.routecard DEBUG    Here
2016-11-26 04:18:04,329 routecard.methods.routecard DEBUG    Here
2016-11-26 04:18:04,399 routecard.methods.routecard DEBUG    Here
2016-11-26 04:18:04,417 routecard.methods.routecard DEBUG    Here
2016-11-26 04:18:04,488 routecard.methods.routecard DEBUG    Here
2016-11-26 04:18:04,506 routecard.methods.routecard DEBUG    Here
2016-12-01 05:02:19,161 routecard.methods.routecard DEBUG    Here
2016-12-01 05:02:19,197 routecard.methods.routecard DEBUG    Here
2016-12-01 05:02:19,292 routecard.methods.routecard DEBUG    Here
2016-12-01 05:02:19,309 routecard.methods.routecard DEBUG    Here
2016-12-01 05:02:19,380 routecard.methods.routecard DEBUG    Here
2016-12-01 05:02:19,397 routecard.methods.routecard DEBUG    Here
2016-12-01 05:02:19,468 routecard.methods.routecard DEBUG    Here
2016-12-01 05:02:19,485 routecard.methods.routecard DEBUG    Here
2016-12-01 21:01:38,493 routecard.methods.routecard DEBUG    Here
2016-12-01 21:01:38,539 routecard.methods.routecard DEBUG    Here
2016-12-01 21:01:38,631 routecard.methods.routecard DEBUG    Here
2016-12-01 21:01:38,648 routecard.methods.routecard DEBUG    Here
2016-12-01 21:01:38,716 routecard.methods.routecard DEBUG    Here
2016-12-01 21:01:38,733 routecard.methods.routecard DEBUG    Here
2016-12-01 21:01:38,801 routecard.methods.routecard DEBUG    Here
2016-12-01 21:01:38,818 routecard.methods.routecard DEBUG    Here
2016-12-01 21:07:46,286 routecard.methods.routecard DEBUG    Here
2016-12-01 21:07:46,310 routecard.methods.routecard DEBUG    Here
2016-12-01 21:07:46,390 routecard.methods.routecard DEBUG    Here
2016-12-01 21:07:46,407 routecard.methods.routecard DEBUG    Here
2016-12-01 21:07:46,475 routecard.methods.routecard DEBUG    Here
2016-12-01 21:07:46,493 routecard.methods.routecard DEBUG    Here
2016-12-01 21:07:46,562 routecard.methods.routecard DEBUG    Here
2016-12-01 21:07:46,579 routecard.methods.routecard DEBUG    Here
2016-12-02 00:22:09,176 routecard.methods.routecard DEBUG    Here
2016-12-02 00:22:09,212 routecard.methods.routecard DEBUG    Here
2016-12-02 00:22:09,304 routecard.methods.routecard DEBUG    Here
2016-12-02 00:22:09,321 routecard.methods.routecard DEBUG    Here
2016-12-02 00:22:09,389 routecard.methods.routecard DEBUG    Here
2016-12-02 00:22:09,406 routecard.methods.routecard DEBUG    Here
2016-12-02 00:22:09,473 routecard.methods.routecard DEBUG    Here
2016-12-02 00:22:09,491 routecard.methods.routecard DEBUG    Here
2017-01-12 22:09:26,778 routecard.methods.routecard DEBUG    Here
2017-01-12 22:09:26,799 routecard.methods.routecard DEBUG    Here
2017-01-12 22:09:26,811 routecard.methods.routecard DEBUG    Here
2017-01-12 22:09:26,814 routecard.methods.routecard DEBUG    Here
2017-01-12 22:09:26,823 routecard.methods.routecard DEBUG    Here
2017-01-12 22:09:26,826 routecard.methods.routecard DEBUG    Here
2017-01-12 22:09:26,836 routecard.methods.routecard DEBUG    Here
2017-01-12 22:09:26,838 routecard.methods.routecard DEBUG    Here
2017-01-12 22:09:32,328 routecard.methods.routecard DEBUG    Here
2017-01-12 22:09:39,286 routecard.methods.routecard DEBUG    Here
2017-01-12 22:09:39,290 routecard.methods.routecard DEBUG    Here
2017-01-12 22:09:39,301 routecard.methods.routecard DEBUG    Here
2017-01-12 22:09:39,304 routecard.methods.routecard DEBUG    Here
2017-01-12 22:09:39,316 routecard.methods.routecard DEBUG    Here
2017-01-12 22:09:39,319 routecard.methods.routecard DEBUG    Here
2017-01-12 22:09:39,331 routecard.methods.routecard DEBUG    Here
2017-01-12 22:09:39,334 routecard.methods.routecard DEBUG    Here
2017-01-13 09:50:59,530 routecard.methods.routecard DEBUG    Here
2017-01-13 09:50:59,550 routecard.methods.routecard DEBUG    Here
2017-01-13 09:50:59,561 routecard.methods.routecard DEBUG    Here
2017-01-13 09:50:59,564 routecard.methods.routecard DEBUG    Here
2017-01-13 09:50:59,574 routecard.methods.routecard DEBUG    Here
2017-01-13 09:50:59,577 routecard.methods.routecard DEBUG    Here
2017-01-13 09:50:59,588 routecard.methods.routecard DEBUG    Here
2017-01-13 09:50:59,591 routecard.methods.routecard DEBUG    Here
2017-02-07 20:46:02,190 app.utils            DEBUG    App name startapp_test_app
2017-02-07 21:23:17,618 routecard.methods.routecard DEBUG    Here
2017-02-07 21:23:17,621 routecard.methods.routecard DEBUG    Here
2017-02-07 21:23:17,631 routecard.methods.routecard DEBUG    Here
2017-02-07 21:23:17,634 routecard.methods.routecard DEBUG    Here
2017-02-07 21:23:17,644 routecard.methods.routecard DEBUG    Here
2017-02-07 21:23:17,647 routecard.methods.routecard DEBUG    Here
2017-02-07 21:23:17,657 routecard.methods.routecard DEBUG    Here
2017-02-07 21:23:17,660 routecard.methods.routecard DEBUG    Here
2017-02-07 21:23:29,576 routecard.methods.routecard DEBUG    Here
2017-02-07 21:23:29,580 routecard.methods.routecard DEBUG    Here
2017-02-07 21:23:29,590 routecard.methods.routecard DEBUG    Here
2017-02-07 21:23:29,593 routecard.methods.routecard DEBUG    Here
2017-02-07 21:23:29,604 routecard.methods.routecard DEBUG    Here
2017-02-07 21:23:29,606 routecard.methods.routecard DEBUG    Here
2017-02-07 21:23:29,617 routecard.methods.routecard DEBUG    Here
2017-02-07 21:23:29,619 routecard.methods.routecard DEBUG    Here
2017-02-17 11:31:35,207 base.views           DEBUG    Form is valid
2017-03-08 15:56:35,846 routecard.methods.routecard DEBUG    Here
2017-03-08 15:56:35,870 routecard.methods.routecard DEBUG    Here
2017-03-08 15:56:35,881 routecard.methods.routecard DEBUG    Here
2017-03-08 15:56:35,884 routecard.methods.routecard DEBUG    Here
2017-03-08 15:56:35,895 routecard.methods.routecard DEBUG    Here
2017-03-08 15:56:35,897 routecard.methods.routecard DEBUG    Here
2017-03-08 15:56:35,907 routecard.methods.routecard DEBUG    Here
2017-03-08 15:56:35,910 routecard.methods.routecard DEBUG    Here
2017-03-24 10:42:30,919 routecard.methods.routecard DEBUG    Here
2017-03-24 10:42:30,939 routecard.methods.routecard DEBUG    Here
2017-03-24 10:42:30,951 routecard.methods.routecard DEBUG    Here
2017-03-24 10:42:30,954 routecard.methods.routecard DEBUG    Here
2017-03-24 10:42:30,964 routecard.methods.routecard DEBUG    Here
2017-03-24 10:42:30,967 routecard.methods.routecard DEBUG    Here
2017-03-24 10:42:30,978 routecard.methods.routecard DEBUG    Here
2017-03-24 10:42:30,981 routecard.methods.routecard DEBUG    Here
2017-07-04 20:38:45,446 routecard.methods.routecard DEBUG    Here
2017-07-04 20:38:45,449 routecard.methods.routecard DEBUG    Here
2017-07-04 20:38:45,459 routecard.methods.routecard DEBUG    Here
2017-07-04 20:38:45,462 routecard.methods.routecard DEBUG    Here
2017-07-04 20:38:45,472 routecard.methods.routecard DEBUG    Here
2017-07-04 20:38:45,475 routecard.methods.routecard DEBUG    Here
2017-07-04 20:38:45,485 routecard.methods.routecard DEBUG    Here
2017-07-04 20:38:45,489 routecard.methods.routecard DEBUG    Here
2017-07-04 20:38:51,600 base.views           DEBUG    Form is invalid <ul class="errorlist"><li>po_no<ul class="errorlist"><li>This field is required.</li></ul></li><li>jobspec<ul class="errorlist"><li>This field is required.</li></ul></li></ul> 
2017-07-04 20:38:51,601 base.views           DEBUG    <QueryDict: {u'csrfmiddlewaretoken': [u'mCOFDmUoq0jfsTflFwQPLp9abrdSgPtH'], u'jobspec': [u''], u'po_no': [u''], u'delivery_date': [u'05/07/2017 02:38 am'], u'quantity': [u'0']}>
2017-07-04 20:38:51,671 routecard.methods.routecard DEBUG    Here
2017-07-04 20:38:51,674 routecard.methods.routecard DEBUG    Here
2017-07-04 20:38:51,684 routecard.methods.routecard DEBUG    Here
2017-07-04 20:38:51,688 routecard.methods.routecard DEBUG    Here
2017-07-04 20:38:51,698 routecard.methods.routecard DEBUG    Here
2017-07-04 20:38:51,700 routecard.methods.routecard DEBUG    Here
2017-07-04 20:38:51,711 routecard.methods.routecard DEBUG    Here
2017-07-04 20:38:51,714 routecard.methods.routecard DEBUG    Here
2017-07-04 20:42:40,391 routecard.methods.routecard DEBUG    Here
2017-07-04 20:42:40,395 routecard.methods.routecard DEBUG    Here
2017-07-04 20:42:40,407 routecard.methods.routecard DEBUG    Here
2017-07-04 20:42:40,410 routecard.methods.routecard DEBUG    Here
2017-07-04 20:42:40,423 routecard.methods.routecard DEBUG    Here
2017-07-04 20:42:40,426 routecard.methods.routecard DEBUG    Here
2017-07-04 20:42:40,438 routecard.methods.routecard DEBUG    Here
2017-07-04 20:42:40,440 routecard.methods.routecard DEBUG    Here
2017-07-04 20:42:46,272 base.views           DEBUG    Form is invalid <ul class="errorlist"><li>po_no<ul class="errorlist"><li>This field is required.</li></ul></li><li>jobspec<ul class="errorlist"><li>This field is required.</li></ul></li></ul> 
2017-07-04 20:42:46,273 base.views           DEBUG    <QueryDict: {u'csrfmiddlewaretoken': [u'mCOFDmUoq0jfsTflFwQPLp9abrdSgPtH'], u'jobspec': [u''], u'po_no': [u''], u'delivery_date': [u'05/07/2017 02:42 am'], u'quantity': [u'0']}>
2017-07-04 20:42:46,353 routecard.methods.routecard DEBUG    Here
2017-07-04 20:42:46,356 routecard.methods.routecard DEBUG    Here
2017-07-04 20:42:46,367 routecard.methods.routecard DEBUG    Here
2017-07-04 20:42:46,370 routecard.methods.routecard DEBUG    Here
2017-07-04 20:42:46,380 routecard.methods.routecard DEBUG    Here
2017-07-04 20:42:46,383 routecard.methods.routecard DEBUG    Here
2017-07-04 20:42:46,393 routecard.methods.routecard DEBUG    Here
2017-07-04 20:42:46,396 routecard.methods.routecard DEBUG    Here
